  funkcje.c
C:\Users\Ewelina\Desktop\source\98cb64a9-gr71-repo\Projekt\Wąż\Wąż\funkcje.c(1,1): warning C4005: "_CRT_SECURE_NO_WARNINGS": ponowna definicja makra
C:\Users\Ewelina\Desktop\source\98cb64a9-gr71-repo\Projekt\Wąż\Wąż\funkcje.c : message : zobacz poprzednią definicję „_CRT_SECURE_NO_WARNINGS”
C:\Users\Ewelina\Desktop\source\98cb64a9-gr71-repo\Projekt\Wąż\Wąż\funkcje.c(42,15): warning C4133: "=": niezgodne typy - od "waz *" do "waz *"
C:\Users\Ewelina\Desktop\source\98cb64a9-gr71-repo\Projekt\Wąż\Wąż\funkcje.c(43,17): warning C4133: "=": niezgodne typy - od "waz *" do "waz *"
C:\Users\Ewelina\Desktop\source\98cb64a9-gr71-repo\Projekt\Wąż\Wąż\funkcje.c(44,17): warning C4133: "=": niezgodne typy - od "waz *" do "waz *"
C:\Users\Ewelina\Desktop\source\98cb64a9-gr71-repo\Projekt\Wąż\Wąż\funkcje.c(54,15): warning C4133: "=": niezgodne typy - od "waz *" do "waz *"
C:\Users\Ewelina\Desktop\source\98cb64a9-gr71-repo\Projekt\Wąż\Wąż\funkcje.c(73,15): warning C4133: "=": niezgodne typy - od "waz *" do "waz *"
C:\Users\Ewelina\Desktop\source\98cb64a9-gr71-repo\Projekt\Wąż\Wąż\funkcje.c(78,18): warning C4133: "=": niezgodne typy - od "waz *" do "waz *"
C:\Users\Ewelina\Desktop\source\98cb64a9-gr71-repo\Projekt\Wąż\Wąż\funkcje.c(82,19): warning C4133: "=": niezgodne typy - od "waz *" do "waz *"
C:\Users\Ewelina\Desktop\source\98cb64a9-gr71-repo\Projekt\Wąż\Wąż\funkcje.c(83,19): warning C4133: "=": niezgodne typy - od "waz *" do "waz *"
C:\Users\Ewelina\Desktop\source\98cb64a9-gr71-repo\Projekt\Wąż\Wąż\funkcje.c(113,15): warning C4133: "=": niezgodne typy - od "wynik *" do "wynik *"
C:\Users\Ewelina\Desktop\source\98cb64a9-gr71-repo\Projekt\Wąż\Wąż\funkcje.c(114,17): warning C4133: "=": niezgodne typy - od "wynik *" do "wynik *"
C:\Users\Ewelina\Desktop\source\98cb64a9-gr71-repo\Projekt\Wąż\Wąż\funkcje.c(124,20): warning C4133: "=": niezgodne typy - od "waz *" do "wynik *"
C:\Users\Ewelina\Desktop\source\98cb64a9-gr71-repo\Projekt\Wąż\Wąż\funkcje.c(122,1): warning C4133: "inicjowanie": niezgodne typy - od "wynik *" do "waz *"
C:\Users\Ewelina\Desktop\source\98cb64a9-gr71-repo\Projekt\Wąż\Wąż\funkcje.c(131,59): warning C4244: "=": konwersja z "double" do "int", możliwa utrata danych
C:\Users\Ewelina\Desktop\source\98cb64a9-gr71-repo\Projekt\Wąż\Wąż\funkcje.c(132,59): warning C4244: "=": konwersja z "double" do "int", możliwa utrata danych
C:\Users\Ewelina\Desktop\source\98cb64a9-gr71-repo\Projekt\Wąż\Wąż\funkcje.c(140,1): warning C4133: "inicjowanie": niezgodne typy - od "waz *" do "waz *"
C:\Users\Ewelina\Desktop\source\98cb64a9-gr71-repo\Projekt\Wąż\Wąż\funkcje.c(161,15): warning C4133: "=": niezgodne typy - od "waz *" do "waz *"
C:\Users\Ewelina\Desktop\source\98cb64a9-gr71-repo\Projekt\Wąż\Wąż\funkcje.c(223,15): warning C4133: "=": niezgodne typy - od "wynik *" do "wynik *"
C:\Users\Ewelina\Desktop\source\98cb64a9-gr71-repo\Projekt\Wąż\Wąż\funkcje.c(240,29): warning C4133: "funkcja": niezgodne typy - od "waz *" do "waz *"
C:\Users\Ewelina\Desktop\source\98cb64a9-gr71-repo\Projekt\Wąż\Wąż\funkcje.c(240,36): warning C4133: "=": niezgodne typy - od "waz *" do "waz *"
C:\Users\Ewelina\Desktop\source\98cb64a9-gr71-repo\Projekt\Wąż\Wąż\funkcje.c(241,37): warning C4133: "funkcja": niezgodne typy - od "waz *" do "waz *"
C:\Users\Ewelina\Desktop\source\98cb64a9-gr71-repo\Projekt\Wąż\Wąż\funkcje.c(246,31): warning C4133: "funkcja": niezgodne typy - od "waz *" do "waz *"
C:\Users\Ewelina\Desktop\source\98cb64a9-gr71-repo\Projekt\Wąż\Wąż\funkcje.c(246,38): warning C4133: "=": niezgodne typy - od "waz *" do "waz *"
C:\Users\Ewelina\Desktop\source\98cb64a9-gr71-repo\Projekt\Wąż\Wąż\funkcje.c(254,33): warning C4133: "funkcja": niezgodne typy - od "waz *" do "waz *"
C:\Users\Ewelina\Desktop\source\98cb64a9-gr71-repo\Projekt\Wąż\Wąż\funkcje.c(254,40): warning C4133: "=": niezgodne typy - od "waz *" do "waz *"
C:\Users\Ewelina\Desktop\source\98cb64a9-gr71-repo\Projekt\Wąż\Wąż\funkcje.c(255,21): warning C4133: "funkcja": niezgodne typy - od "waz *" do "waz *"
C:\Users\Ewelina\Desktop\source\98cb64a9-gr71-repo\Projekt\Wąż\Wąż\funkcje.c(261,33): warning C4133: "funkcja": niezgodne typy - od "waz *" do "waz *"
C:\Users\Ewelina\Desktop\source\98cb64a9-gr71-repo\Projekt\Wąż\Wąż\funkcje.c(261,40): warning C4133: "=": niezgodne typy - od "waz *" do "waz *"
C:\Users\Ewelina\Desktop\source\98cb64a9-gr71-repo\Projekt\Wąż\Wąż\funkcje.c(262,21): warning C4133: "funkcja": niezgodne typy - od "waz *" do "waz *"
C:\Users\Ewelina\Desktop\source\98cb64a9-gr71-repo\Projekt\Wąż\Wąż\funkcje.c(268,33): warning C4133: "funkcja": niezgodne typy - od "waz *" do "waz *"
C:\Users\Ewelina\Desktop\source\98cb64a9-gr71-repo\Projekt\Wąż\Wąż\funkcje.c(268,40): warning C4133: "=": niezgodne typy - od "waz *" do "waz *"
C:\Users\Ewelina\Desktop\source\98cb64a9-gr71-repo\Projekt\Wąż\Wąż\funkcje.c(269,21): warning C4133: "funkcja": niezgodne typy - od "waz *" do "waz *"
C:\Users\Ewelina\Desktop\source\98cb64a9-gr71-repo\Projekt\Wąż\Wąż\funkcje.c(275,33): warning C4133: "funkcja": niezgodne typy - od "waz *" do "waz *"
C:\Users\Ewelina\Desktop\source\98cb64a9-gr71-repo\Projekt\Wąż\Wąż\funkcje.c(275,40): warning C4133: "=": niezgodne typy - od "waz *" do "waz *"
C:\Users\Ewelina\Desktop\source\98cb64a9-gr71-repo\Projekt\Wąż\Wąż\funkcje.c(276,21): warning C4133: "funkcja": niezgodne typy - od "waz *" do "waz *"
C:\Users\Ewelina\Desktop\source\98cb64a9-gr71-repo\Projekt\Wąż\Wąż\funkcje.c(294,45): warning C4133: "funkcja": niezgodne typy - od "wynik *" do "wynik *"
C:\Users\Ewelina\Desktop\source\98cb64a9-gr71-repo\Projekt\Wąż\Wąż\funkcje.c(294,59): warning C4133: "=": niezgodne typy - od "wynik *" do "wynik *"
C:\Users\Ewelina\Desktop\source\98cb64a9-gr71-repo\Projekt\Wąż\Wąż\funkcje.c(297,20): warning C4133: "funkcja": niezgodne typy - od "waz *" do "waz *"
C:\Users\Ewelina\Desktop\source\98cb64a9-gr71-repo\Projekt\Wąż\Wąż\funkcje.c(304,31): warning C4133: "funkcja": niezgodne typy - od "waz *" do "waz *"
C:\Users\Ewelina\Desktop\source\98cb64a9-gr71-repo\Projekt\Wąż\Wąż\funkcje.c(304,38): warning C4133: "=": niezgodne typy - od "waz *" do "waz *"
C:\Users\Ewelina\Desktop\source\98cb64a9-gr71-repo\Projekt\Wąż\Wąż\funkcje.c(314,20): warning C4133: "funkcja": niezgodne typy - od "waz *" do "waz *"
C:\Users\Ewelina\Desktop\source\98cb64a9-gr71-repo\Projekt\Wąż\Wąż\funkcje.c(316,38): warning C4133: "funkcja": niezgodne typy - od "waz *" do "waz *"
C:\Users\Ewelina\Desktop\source\98cb64a9-gr71-repo\Projekt\Wąż\Wąż\funkcje.c(319,18): warning C4133: "funkcja": niezgodne typy - od "waz *" do "waz *"
C:\Users\Ewelina\Desktop\source\98cb64a9-gr71-repo\Projekt\Wąż\Wąż\funkcje.c(320,30): warning C4133: "funkcja": niezgodne typy - od "wynik *" do "wynik *"
C:\Users\Ewelina\Desktop\source\98cb64a9-gr71-repo\Projekt\Wąż\Wąż\funkcje.c(321,30): warning C4133: "funkcja": niezgodne typy - od "wynik *" do "wynik *"
  Źródło.c
C:\Users\Ewelina\Desktop\source\98cb64a9-gr71-repo\Projekt\Wąż\Wąż\Źródło.c(1,1): warning C4005: "_CRT_SECURE_NO_WARNINGS": ponowna definicja makra
C:\Users\Ewelina\Desktop\source\98cb64a9-gr71-repo\Projekt\Wąż\Wąż\Źródło.c : message : zobacz poprzednią definicję „_CRT_SECURE_NO_WARNINGS”
C:\Users\Ewelina\Desktop\source\98cb64a9-gr71-repo\Projekt\Wąż\Wąż\Źródło.c(19,18): warning C4244: "funkcja": konwersja z "time_t" do "unsigned int", możliwa utrata danych
C:\Users\Ewelina\Desktop\source\98cb64a9-gr71-repo\Projekt\Wąż\Wąż\Źródło.c(30,23): warning C4133: "funkcja": niezgodne typy - od "char **" do "int **"
C:\Users\Ewelina\Desktop\source\98cb64a9-gr71-repo\Projekt\Wąż\Wąż\Źródło.c(21,6): warning C4101: "dowiemy_sie": lokalna zmienna, do której nie istnieje odwołanie
  Generowanie kodu...
  Wąż.vcxproj -> C:\Users\Ewelina\Desktop\source\98cb64a9-gr71-repo\Projekt\Wąż\Debug\Wąż.exe
